<?xml version="1.0" encoding="UTF-8"?>
<beans xmlns:xsi="http://www.w3.org/2001/XMLSchema-instance"
    xmlns:oxm="http://www.springframework.org/schema/oxm"
    xmlns:context="http://www.springframework.org/schema/context"
    xmlns:jdbc="http://www.springframework.org/schema/jdbc"
    xmlns:lang="http://www.springframework.org/schema/lang"
    xmlns:p="http://www.springframework.org/schema/p"
    xmlns:tx="http://www.springframework.org/schema/tx"
    xmlns:util="http://www.springframework.org/schema/util"
    xmlns="http://www.springframework.org/schema/beans"
    xsi:schemaLocation="http://www.springframework.org/schema/beans http://www.springframework.org/schema/beans/spring-beans-3.0.xsd
        http://www.springframework.org/schema/context
        http://www.springframework.org/schema/context/spring-context-3.0.xsd
        http://www.springframework.org/schema/jdbc http://www.springframework.org/schema/jdbc/spring-jdbc-3.0.xsd
        http://www.springframework.org/schema/lang http://www.springframework.org/schema/lang/spring-lang-3.0.xsd
        http://www.springframework.org/schema/tx http://www.springframework.org/schema/tx/spring-tx-3.0.xsd
        http://www.springframework.org/schema/util http://www.springframework.org/schema/util/spring-util-3.0.xsd" >

    <import resource="cloud-config.xml" />
    <context:component-scan base-package="com.msi.tough.internal.autoscale" />
    <context:component-scan base-package="com.msi.tough.internal.autoscale.actions" />
    <!-- inject core action classes (ActionTestHelper, etc.) -->
    <context:component-scan base-package="com.msi.tough.query" />

    <bean class="com.msi.tough.internal.autoscale.actions.ProcessAutoScaling">
    </bean>
    <bean
        class="com.msi.tough.internal.autoscale.actions.ProcessTerminatedInstances">
    </bean>

    <util:map id="actions">
    </util:map>

    <bean id="internalServiceAsync"
        class="com.msi.tough.query.AsyncServiceImpl">
        <constructor-arg ref="actions"/>
    </bean>

    <bean class="com.msi.tough.core.AppctxInjector"/>
    <bean id="servicesPropertyConfigurer"
        class="org.springframework.beans.factory.config.PropertyPlaceholderConfigurer">
        <property name="locations">
                <list>
                        <value>classpath*:/*.properties</value>
                        <value>classpath*:/internal.test.ports</value>
                        <value>classpath*:/compute.ports</value>
                </list>
        </property>
    </bean>

    <bean
        id="log4jInitializer"
        class="org.springframework.beans.factory.config.MethodInvokingFactoryBean">

        <property
            name="targetClass"
            value="org.springframework.util.Log4jConfigurer" />

        <property name="targetMethod" value="initLogging" />

        <property name="arguments" >
            <list>
                <value>classpath:log4j.xml</value>
            </list>
        </property>
    </bean>

    <bean id="endpoint" class="java.lang.String">
        <constructor-arg value="http://${deploy.ip}:8080/ASInternal/"/>
    </bean>

    <bean id="accessKey" class="java.lang.String">
        <constructor-arg value="${test.accessKey}"/>
    </bean>

    <bean id="secretKey" class="java.lang.String">
        <constructor-arg value="${test.secretKey}"/>
    </bean>
    <bean id="testAccountId" class="java.lang.Long">
        <constructor-arg value="1"/>
    </bean>
    <bean id="limitedQuotaAccessKey" class="java.lang.String">
        <constructor-arg value="${test.limitedQuotaAccessKey}"/>
    </bean>

    <bean id="limitedQuotaSecretKey" class="java.lang.String">
        <constructor-arg value="${test.limitedQuotaSecretKey}"/>
    </bean>

    <bean id="limitedQuotaOwnerId" class="java.lang.String">
        <constructor-arg value="${test.limitedQuotaOwnerId}"/>
    </bean>

    <bean id="limitedQuotaZone" class="java.lang.String">
        <constructor-arg value="${test.limitedQuotaZone}"/>
    </bean>

    <bean id="DB_PASSWORD" class="java.lang.String">
        <constructor-arg value="${db.password}"></constructor-arg>
    </bean>

    <bean id="basicAWSCredentials" class="com.amazonaws.auth.BasicAWSCredentials" >
        <constructor-arg value="${test.accessKey}" />
        <constructor-arg value="${test.secretKey}" />
    </bean>

    <bean id="badAWSCredentials" class="com.amazonaws.auth.BasicAWSCredentials" >
        <constructor-arg value="123412341234" />
        <constructor-arg value="456456456456" />
    </bean>

    <bean id="testUser1" class="com.amazonaws.auth.BasicAWSCredentials" >
        <constructor-arg value="${testuser1.accessKey}" />
        <constructor-arg value="${testuser1.secretKey}" />
    </bean>

    <bean id="testUser2" class="com.amazonaws.auth.BasicAWSCredentials" >
        <constructor-arg value="${testuser1.accessKey}" />
        <constructor-arg value="${testuser2.secretKey}" />
    </bean>


    <bean id="targetServer" class="java.lang.String">
        <constructor-arg value="${deploy.ip}"/>
    </bean>

    <bean id="defaultAvailabilityZone" class="java.lang.String">
        <constructor-arg value="${default.availability.zone}"/>
    </bean>

    <bean id="tenant" class="java.lang.String">
        <constructor-arg value="${ec2.owner.id}"/>
    </bean>

    <bean id="security" factory-method="getInstance"
        class="com.msi.tough.security.AESSecurity">
    </bean>

    <!-- Endpoint configuration for connecting to Workflow directly -->
    <bean id="remoteEndpoint" class="java.lang.String">
        <constructor-arg value="tcp://${deploy.ip}:${remote.internal.port}"/>
    </bean>

    <bean id="recvEndpoint" class="java.lang.String">
        <constructor-arg value="tcp://*:${response.internal.port}"/>
    </bean>

    <bean id="returnAddress" class="java.lang.String">
        <constructor-arg value="tcp://${tester.host}:${response.internal.port}"/>
    </bean>

    <!-- compute setup, for creating/describing instances -->
    <util:list id="computePossibleTypes">
        <value>com.msi.tough.message.CoreMessage$ErrorResult</value>
        <value>com.transcend.compute.message.RunInstancesMessage$RunInstancesResponseMessage</value>
        <value>com.transcend.compute.message.DescribeInstancesMessage$DescribeInstancesResponseMessage</value>
    </util:list>

    <bean id="remoteComputeWorkflow" factory-method="getInstance" destroy-method="destroy"
    class="com.msi.tough.workflow.core.RemoteWorkflow">
        <property name="remoteEndpoint" value="tcp://${compute.host}:${compute.port}" />
        <property name="recvEndpoint" value="tcp://*:${response.compute.port}" />
        <property name="returnAddress" value="tcp://${tester.host}:${response.compute.port}" />
        <property name="possibleTypes" ref="computePossibleTypes"/>
    </bean>

    <bean id="remoteIgniter"
        class="com.msi.tough.workflow.core.RemoteIgniter">
    </bean>

    <bean id="toCompute"
        class="com.msi.tough.workflow.WorkflowSubmitter">
        <property name="workflow" ref="remoteComputeWorkflow"/>
        <property name="workflowIgniter" ref="remoteIgniter"/>
    </bean>

    <!-- compute setup, for creating instances -->
    <bean id="computeClient" class="com.amazonaws.services.ec2.AmazonEC2Client" >
        <constructor-arg ref="basicAWSCredentials" />
        <property name="endpoint" value="#{ defaultAvailabilityZone == 'us-east-1a' ? 'http://ec2.us-east-1.amazonaws.com/' : 'http://${deploy.ip}:8080/Compute/comp-async/' }" />
    </bean>

    <bean id="baseImageId" class="java.lang.String">
        <constructor-arg value="${base.image.id}"/>
   </bean>

    <bean id="defaultFlavor" class="java.lang.String">
        <constructor-arg value="${default.flavor}"/>
   </bean>

    <bean id="runningInstanceHelper" class="com.msi.tough.helper.RunningInstanceHelper" >
    </bean>

    <!-- stand-in for full cloud config, with only the current test. -->
    <util:map id="configuration0">
        <entry key="KEYS_DIR" value="."/>
        <entry key="AvailabilityZone" value="${default.availability.zone}"/>
    </util:map>

    <bean id="configuration" factory-method="merge" class="com.msi.tough.core.MapUtil">
        <constructor-arg ref="cloud-config"></constructor-arg>
        <constructor-arg ref="configuration0"></constructor-arg>
    </bean>

    <bean id="appctx" factory-method="getInstanceForInjection"
        class="com.msi.tough.core.Appctx">
        <property name="configuration" ref="configuration"/>
    </bean>

    <bean id="hibernateUtil" class="com.msi.tough.core.HibernateUtil">
        <property name="sessionFactory" ref="sessionFactory" />
    </bean>

    <tx:annotation-driven transaction-manager="transactionManager"/>

    <bean id="transactionManager" class="org.springframework.orm.hibernate3.HibernateTransactionManager">
        <property name="sessionFactory" ref="sessionFactory" />
    </bean>

    <bean id="sessionFactory"
        class="org.springframework.orm.hibernate3.LocalSessionFactoryBean">
        <property name="dataSource" ref="testConnection" />
        <property name="configLocation" value="classpath:hibernate.cfg.xml"></property>
        <property name="configurationClass" value="org.hibernate.cfg.AnnotationConfiguration"></property>
        <property name="hibernateProperties">
            <value>hibernate.dialect=org.hibernate.dialect.MySQL5InnoDBDialect
                hibernate.cache.provider_class=org.hibernate.cache.NoCacheProvider
                hibernate.show_sql=true
                hibernate.hbm2ddl.auto=update
            </value>
        </property>
    </bean>

    <bean id="testConnection" class="org.apache.commons.dbcp.BasicDataSource">
        <property name="driverClassName" value="com.mysql.jdbc.Driver" />
        <property name="url" value="jdbc:mysql://${deploy.ip}:3306/${db.user}" />
        <property name="username" value="${db.user}" />
        <property name="password" value="${db.password}" />
        <property name="defaultAutoCommit" value="false"></property>
        <property name="initialSize" value="1"></property>
        <property name="maxActive" value="5"></property>
        <property name="testWhileIdle" value="false"></property>
        <property name="testOnBorrow" value="false"></property>
        <property name="testOnReturn" value="false"></property>
        <property name="validationQuery" value="SELECT 1"></property>
        <property name="timeBetweenEvictionRunsMillis" value="-1"></property>
        <property name="minIdle" value="0"></property>
        <property name="maxWait" value="5000"></property>
        <property name="removeAbandoned" value="false"></property>
    </bean>
<!--
    <bean id="testConnection" class="org.apache.tomcat.jdbc.pool.DataSource" destroy-method="close">
        <property name="driverClassName" value="com.mysql.jdbc.Driver" />
        <property name="url" value="jdbc:mysql://${deploy.ip}:3306/${db.user}" />
        <property name="username" value="${db.user}" />
        <property name="password" value="${db.password}" />
        <property name="defaultAutoCommit" value="false"></property>
        <property name="initialSize" value="1"></property>
        <property name="maxActive" value="5"></property>
        <property name="testWhileIdle" value="false"></property>
        <property name="testOnBorrow" value="false"></property>
        <property name="testOnReturn" value="false"></property>
        <property name="validationQuery" value="/* ping *\/ SELECT 1"></property>
        <property name="timeBetweenEvictionRunsMillis" value="-1"></property>
        <property name="minIdle" value="1"></property>
        <property name="maxIdle" value="5"></property>
        <property name="maxWait" value="5000"></property>
        <property name="removeAbandonedTimeout" value="60"></property>
        <property name="removeAbandoned" value="false"></property>
        <property name="LogAbandoned" value="true"></property>
    </bean>
    -->
</beans>
